działa
index.php działa
create_order.php działa
create_order.php działa
create_order.php 11111create_order.php 22222create_order.php 33333create_order.php działa
create_order.php 11111create_order.php 22222create_order.php 33333create_order.php access_token=create_order.php działa
create_order.php 11111create_order.php 22222create_order.php getAccessToken(324600, e1dcfe65203eaff40a7b354aa138f857, https://secure.snd.payu.com)create_order.php access_token=create_order.php działa
create_order.php 11111create_order.php 22222create_order.php getAccessToken(324600, e1dcfe65203eaff40a7b354aa138f857, https://secure.snd.payu.com)create_order.php getAccessToken credentials=MzI0NjAwOmUxZGNmZTY1MjAzZWFmZjQwYTdiMzU0YWExMzhmODU3create_order.php działa
create_order.php 11111create_order.php 22222create_order.php getAccessToken(324600, e1dcfe65203eaff40a7b354aa138f857, https://secure.snd.payu.com)create_order.php getAccessToken credentials=MzI0NjAwOmUxZGNmZTY1MjAzZWFmZjQwYTdiMzU0YWExMzhmODU3create_order.php getAccessToken curl_init("https://secure.snd.payu.com/pl/standard/user/oauth/authorize")create_order.php getAccessToken ch 111111111111111111111create_order.php działa
create_order.php 11111create_order.php 22222create_order.php getAccessToken(324600, e1dcfe65203eaff40a7b354aa138f857, https://secure.snd.payu.com)create_order.php getAccessToken credentials=MzI0NjAwOmUxZGNmZTY1MjAzZWFmZjQwYTdiMzU0YWExMzhmODU3create_order.php getAccessToken curl_init("https://secure.snd.payu.com/pl/standard/user/oauth/authorize")create_order.php getAccessToken ch 111111111111111111111create_order.php getAccessToken 2222create_order.php getAccessToken 3333create_order.php access_token=create_order.php działa
create_order.php 11111create_order.php 22222create_order.php getAccessToken(324600, e1dcfe65203eaff40a7b354aa138f857, https://secure.snd.payu.com)create_order.php getAccessToken credentials=MzI0NjAwOmUxZGNmZTY1MjAzZWFmZjQwYTdiMzU0YWExMzhmODU3create_order.php getAccessToken curl_init("https://secure.snd.payu.com/pl/standard/user/oauth/authorize")create_order.php getAccessToken ch 111111111111111111111create_order.php getAccessToken 2222create_order.php getAccessToken result={"error":"invalid_client","error_description":"Can't find oauthClient with clientId = 324600"}create_order.php access_token=index.php działa
create_order.php działa
create_order.php 11111create_order.php 22222create_order.php getAccessToken(4363304, 749be84761562230ebb2d11a484d4a82, https://secure.snd.payu.com)create_order.php getAccessToken result={"error":"invalid_client","error_description":"Can't find oauthClient with clientId = 4363304"}create_order.php access_token=index.php działa
create_order.php działa
create_order.php 11111create_order.php 22222create_order.php getAccessToken(4363307, b73fa1e98a64cb706565494437346eac, https://secure.snd.payu.com)create_order.php getAccessToken result={"error":"invalid_client","error_description":"Can't find oauthClient with clientId = 4363307"}create_order.php access_token=index.php działa
create_order.php działa
index.php działa
create_order.php działa
create_order.php 00000index.php działa
create_order.php działa
create_order.php aaaaacreate_order.php bbbbcreate_order.php działa
create_order.php aaaaacreate_order.php działa
create_order.php aaaaacreate_order.php bbbbcreate_order.php działa
create_order.php aaaaacreate_order.php bbbbcreate_order.php wystąpił błąd:Unable to read any of the environment file(s) at [/home/vs/mma/application_form/entry_form/.env].create_order.php 11111create_order.php 22222create_order.php getAccessToken(, , )create_order.php getAccessToken result=create_order.php access_token=create_order.php działa
create_order.php aaaaacreate_order.php bbbbcreate_order.php wystąpił błąd:Unable to read any of the environment file(s) at [/home/vs/mma/application_form/entry_form/.env].create_order.php 11111create_order.php 22222create_order.php getAccessToken(, , )create_order.php getAccessToken result=create_order.php access_token=create_order.php działa
create_order.php aaaaacreate_order.php bbbbcreate_order.php ccccccreate_order.php 11111create_order.php 22222create_order.php getAccessToken(324600, e1dcfe65203eaff40a7b354aa138f857, https://secure.snd.payu.com)create_order.php getAccessToken result={"error":"invalid_client","error_description":"Can't find oauthClient with clientId = 324600"}create_order.php access_token=index.php działa
create_order.php działa
create_order.php aaaaacreate_order.php bbbbcreate_order.php ccccccreate_order.php 11111create_order.php 22222create_order.php getAccessToken(300046, 0c017495773278c50c7b35434017b2ca, https://secure.snd.payu.com)create_order.php getAccessToken result={"error":"invalid_client","error_description":"Can't find oauthClient with clientId = 300046"}create_order.php access_token=index.php działa

create_order.php działa

create_order.php getAccessToken(300046, 0c017495773278c50c7b35434017b2ca, https://secure.snd.payu.com)
create_order.php getAccessToken result={"error":"invalid_client","error_description":"Can't find oauthClient with clientId = 300046"}
create_order.php access_token=
create_order.php działa

create_order.php getAccessToken(145227, 13a980d4f851f3d9a1cfc792fb1f5e50, https://secure.snd.payu.com)
create_order.php getAccessToken result={"error":"invalid_client","error_description":"Can't find oauthClient with clientId = 145227"}
create_order.php access_token=index.php działa

create_order.php działa

create_order.php getAccessToken(145227, 13a980d4f851f3d9a1cfc792fb1f5e50, https://secure.snd.payu.com)
create_order.php getAccessToken result={"error":"invalid_client","error_description":"Can't find oauthClient with clientId = 145227"}index.php działa

create_order.php działa

[Input] {"name":"W","amount":"10000","email":"t@marzec.eu"}

[Konfiguracja] client_id=145227, client_secret=13a980d4f851f3d9a1cfc792fb1f5e50, pos_id=145227

create_order.php getAccessToken(145227, 13a980d4f851f3d9a1cfc792fb1f5e50, https://secure.snd.payu.com)
[PayU Token Raw] {"error":"invalid_client","error_description":"Can't find oauthClient with clientId = 145227"}

create_order.php działa

[Input] {"name":"W","amount":"10000","email":"t@marzec.eu"}

[Konfiguracja] client_id=300746, client_secret=b8a6d2f9d3d1b0f9f1d07b2a32a1d9e0, pos_id=300746

create_order.php getAccessToken(300746, b8a6d2f9d3d1b0f9f1d07b2a32a1d9e0, https://secure.snd.payu.com)
[PayU Token Raw] {"error":"unauthorized","error_description":"Bad credentials"}

create_order.php działa

[Input] {"name":"W","amount":"10000","email":"t@marzec.eu"}

[Konfiguracja] client_id=300746, client_secret=b8a6d2f9d3d1b0f9f1d07b2a32a1d9e0, pos_id=300746

create_order.php getAccessToken(300746, b8a6d2f9d3d1b0f9f1d07b2a32a1d9e0, https://secure.snd.payu.com)
[PayU Token Raw] {"error":"unauthorized","error_description":"Bad credentials"}
index.php działa
index.php działa

create_order.php działa

[Input] {"name":"W","amount":"10000","email":"t@marzec.eu"}

[Konfiguracja] client_id=489668, client_secret=aa784e03ff3047c47b2f4b0236683620, pos_id=489668

create_order.php getAccessToken(489668, aa784e03ff3047c47b2f4b0236683620, https://secure.snd.payu.com)
[PayU Token Raw] {"access_token":"3802ac07-a656-4792-abbe-f13c1287b976","token_type":"bearer","expires_in":43199,"grant_type":"client_credentials"}

create_order.php 4444
create_order.php 5555index.php działa

create_order.php działa

[Input] {"name":"W","amount":"10000","email":"t@marzec.eu"}

[Konfiguracja] client_id=489668, client_secret=aa784e03ff3047c47b2f4b0236683620, pos_id=489668

create_order.php getAccessToken(489668, aa784e03ff3047c47b2f4b0236683620, https://secure.snd.payu.com)
[PayU Token Raw] {"access_token":"0eddfd2c-ff63-4569-949f-390d6a984cdd","token_type":"bearer","expires_in":43199,"grant_type":"client_credentials"}

create_order.php access_token=0eddfd2c-ff63-4569-949f-390d6a984cdd
create_order.php order_response=Array
create_order.php 5555index.php działa

create_order.php działa

[Input] {"name":"W","amount":"10000","email":"t@marzec.eu"}

[Konfiguracja] client_id=489668, client_secret=aa784e03ff3047c47b2f4b0236683620, pos_id=489668

create_order.php getAccessToken(489668, aa784e03ff3047c47b2f4b0236683620, https://secure.snd.payu.com)
[PayU Token Raw] {"access_token":"695686ec-109c-4bb6-b032-89dcc549afc5","token_type":"bearer","expires_in":43199,"grant_type":"client_credentials"}

create_order.php access_token=695686ec-109c-4bb6-b032-89dcc549afc5
create_order.php order_response={
    "status": {
        "statusCode": "SUCCESS"
    },
    "redirectUri": "https:\/\/merch-prod.snd.payu.com\/pay\/?orderId=4G7ZBLRWCC250326GUEST000P01&token=eyJhbGciOiJIUzI1NiJ9.eyJvcmRlcklkIjoiNEc3WkJMUldDQzI1MDMyNkdVRVNUMDAwUDAxIiwicG9zSWQiOiJlWjJEQVZhWiIsImF1dGhvcml0aWVzIjpbIlJPTEVfQ0xJRU5UIl0sInBheWVyRW1haWwiOiJ0QG1hcnplYy5ldSIsImV4cCI6MTc0MzA2ODc1MiwiaXNzIjoiUEFZVSIsImF1ZCI6ImFwaS1nYXRld2F5Iiwic3ViIjoiUGF5VSBzdWJqZWN0IiwianRpIjoiOTVjYmRjM2QtY2U2Mi00M2QzLThjYjMtY2M3OTM4MzNmZjA1In0.GMjagtThW1Ksr5v1rIWSMaBAAWV8PYHt3CtDTWX1rHU",
    "orderId": "4G7ZBLRWCC250326GUEST000P01"
}
create_order.php 5555index.php działa

create_order.php działa

[Input] {"name":"W","amount":"10000","email":"t@marzec.eu"}

[Konfiguracja] client_id=489668, client_secret=aa784e03ff3047c47b2f4b0236683620, pos_id=489668

create_order.php getAccessToken(489668, aa784e03ff3047c47b2f4b0236683620, https://secure.snd.payu.com)
[PayU Token Raw] {"access_token":"9c4df59d-d730-4c21-a83e-d2e163171f43","token_type":"bearer","expires_in":43199,"grant_type":"client_credentials"}

create_order.php access_token=9c4df59d-d730-4c21-a83e-d2e163171f43
create_order.php order_response={
    "status": {
        "statusCode": "SUCCESS"
    },
    "redirectUri": "https:\/\/merch-prod.snd.payu.com\/pay\/?orderId=WNZK7VL4KT250326GUEST000P01&token=eyJhbGciOiJIUzI1NiJ9.eyJvcmRlcklkIjoiV05aSzdWTDRLVDI1MDMyNkdVRVNUMDAwUDAxIiwicG9zSWQiOiJlWjJEQVZhWiIsImF1dGhvcml0aWVzIjpbIlJPTEVfQ0xJRU5UIl0sInBheWVyRW1haWwiOiJ0QG1hcnplYy5ldSIsImV4cCI6MTc0MzA2ODgyOCwiaXNzIjoiUEFZVSIsImF1ZCI6ImFwaS1nYXRld2F5Iiwic3ViIjoiUGF5VSBzdWJqZWN0IiwianRpIjoiNzQ2YTgyM2QtNWY2NC00ODE2LWFiMzEtNTlkODlmNmRlMTlkIn0.VwOezi76auFHNejAX7FPdlEbgaqWZvzZVC64LHumUYA",
    "orderId": "WNZK7VL4KT250326GUEST000P01"
}
create_order.php 5555index.php działa

create_order.php działa

[Input] {"name":"W","amount":"10000","email":"t@marzec.eu"}

[Konfiguracja] client_id=489668, client_secret=aa784e03ff3047c47b2f4b0236683620, pos_id=489668

create_order.php getAccessToken(489668, aa784e03ff3047c47b2f4b0236683620, https://secure.snd.payu.com)
[PayU Token Raw] {"access_token":"183b40aa-57f1-455c-838b-936b5c4c8913","token_type":"bearer","expires_in":43199,"grant_type":"client_credentials"}

create_order.php access_token=183b40aa-57f1-455c-838b-936b5c4c8913
create_order.php order_response={
    "status": {
        "statusCode": "SUCCESS"
    },
    "redirectUri": "https:\/\/merch-prod.snd.payu.com\/pay\/?orderId=WJJHK7LNTK250326GUEST000P01&token=eyJhbGciOiJIUzI1NiJ9.eyJvcmRlcklkIjoiV0pKSEs3TE5USzI1MDMyNkdVRVNUMDAwUDAxIiwicG9zSWQiOiJlWjJEQVZhWiIsImF1dGhvcml0aWVzIjpbIlJPTEVfQ0xJRU5UIl0sInBheWVyRW1haWwiOiJ0QG1hcnplYy5ldSIsImV4cCI6MTc0MzA2ODk2MCwiaXNzIjoiUEFZVSIsImF1ZCI6ImFwaS1nYXRld2F5Iiwic3ViIjoiUGF5VSBzdWJqZWN0IiwianRpIjoiNDNlMGIzYzEtNzJmMy00MDFlLWE1NjAtZjc2Nzg3MmQyZjdlIn0.HEvrHyqRAA9ScgztV2Se5CiQ6yyinvGejFknHEvNrMs",
    "orderId": "WJJHK7LNTK250326GUEST000P01"
}
create_order.php 5555index.php działa

create_order.php działa

[Input] {"name":"W","amount":"10000","email":"t@marzec.eu"}

[Konfiguracja] client_id=489668, client_secret=aa784e03ff3047c47b2f4b0236683620, pos_id=489668

create_order.php getAccessToken(489668, aa784e03ff3047c47b2f4b0236683620, https://secure.snd.payu.com)
[PayU Token Raw] {"access_token":"c3cc4e6c-0b86-4356-a5f2-03ba1ecc7918","token_type":"bearer","expires_in":43199,"grant_type":"client_credentials"}

create_order.php access_token=c3cc4e6c-0b86-4356-a5f2-03ba1ecc7918
create_order.php order_response={
    "status": {
        "statusCode": "SUCCESS"
    },
    "redirectUri": "https:\/\/merch-prod.snd.payu.com\/pay\/?orderId=QS1PVMMBGJ250326GUEST000P01&token=eyJhbGciOiJIUzI1NiJ9.eyJvcmRlcklkIjoiUVMxUFZNTUJHSjI1MDMyNkdVRVNUMDAwUDAxIiwicG9zSWQiOiJlWjJEQVZhWiIsImF1dGhvcml0aWVzIjpbIlJPTEVfQ0xJRU5UIl0sInBheWVyRW1haWwiOiJ0QG1hcnplYy5ldSIsImV4cCI6MTc0MzA2OTA3OCwiaXNzIjoiUEFZVSIsImF1ZCI6ImFwaS1nYXRld2F5Iiwic3ViIjoiUGF5VSBzdWJqZWN0IiwianRpIjoiMjJlOWUzMjUtMjk0YS00MTM1LWI0NWQtM2U5MmJlYmEzNjQ2In0.LbqWzvsOdhem6ICiN8msJDAedP6KLllTj4T9LM083wI",
    "orderId": "QS1PVMMBGJ250326GUEST000P01"
}
create_order.php 5555index.php działa

create_order.php działa

[Input] {"name":"W","amount":"10000","email":"t@marzec.eu"}

[Konfiguracja] client_id=489668, client_secret=aa784e03ff3047c47b2f4b0236683620, pos_id=489668

create_order.php getAccessToken(489668, aa784e03ff3047c47b2f4b0236683620, https://secure.snd.payu.com)
[PayU Token Raw] {"access_token":"90b1e240-ad85-4d57-b33b-12d61685da6e","token_type":"bearer","expires_in":43199,"grant_type":"client_credentials"}

create_order.php access_token=90b1e240-ad85-4d57-b33b-12d61685da6e
create_order.php order_response={
    "status": {
        "statusCode": "SUCCESS"
    },
    "redirectUri": "https:\/\/merch-prod.snd.payu.com\/pay\/?orderId=BLKDQCGD5Z250326GUEST000P01&token=eyJhbGciOiJIUzI1NiJ9.eyJvcmRlcklkIjoiQkxLRFFDR0Q1WjI1MDMyNkdVRVNUMDAwUDAxIiwicG9zSWQiOiJlWjJEQVZhWiIsImF1dGhvcml0aWVzIjpbIlJPTEVfQ0xJRU5UIl0sInBheWVyRW1haWwiOiJ0QG1hcnplYy5ldSIsImV4cCI6MTc0MzA2OTEzMywiaXNzIjoiUEFZVSIsImF1ZCI6ImFwaS1nYXRld2F5Iiwic3ViIjoiUGF5VSBzdWJqZWN0IiwianRpIjoiZTc2Y2FkNTgtMTNjMS00NjM1LTkxNjAtNGRkZjA0MDQyZmVjIn0.eS7T4S3MB_tebiWv2_WEAIGiRu_T_g35YCl0p4v9Fto",
    "orderId": "BLKDQCGD5Z250326GUEST000P01"
}
JSON output: {"status":"success","redirect":"https:\/\/merch-prod.snd.payu.com\/pay\/?orderId=BLKDQCGD5Z250326GUEST000P01&token=eyJhbGciOiJIUzI1NiJ9.eyJvcmRlcklkIjoiQkxLRFFDR0Q1WjI1MDMyNkdVRVNUMDAwUDAxIiwicG9zSWQiOiJlWjJEQVZhWiIsImF1dGhvcml0aWVzIjpbIlJPTEVfQ0xJRU5UIl0sInBheWVyRW1haWwiOiJ0QG1hcnplYy5ldSIsImV4cCI6MTc0MzA2OTEzMywiaXNzIjoiUEFZVSIsImF1ZCI6ImFwaS1nYXRld2F5Iiwic3ViIjoiUGF5VSBzdWJqZWN0IiwianRpIjoiZTc2Y2FkNTgtMTNjMS00NjM1LTkxNjAtNGRkZjA0MDQyZmVjIn0.eS7T4S3MB_tebiWv2_WEAIGiRu_T_g35YCl0p4v9Fto"}

create_order.php działa

[Input] {"name":"Test","amount":10000,"email":"test@example.com"}

[Konfiguracja] client_id=489668, client_secret=aa784e03ff3047c47b2f4b0236683620, pos_id=489668

create_order.php getAccessToken(489668, aa784e03ff3047c47b2f4b0236683620, https://secure.snd.payu.com)
[PayU Token Raw] {"access_token":"729ee906-b8ac-4c7b-8838-86cd7febd574","token_type":"bearer","expires_in":43199,"grant_type":"client_credentials"}

create_order.php access_token=729ee906-b8ac-4c7b-8838-86cd7febd574
create_order.php order_response={
    "status": {
        "statusCode": "SUCCESS"
    },
    "redirectUri": "https:\/\/merch-prod.snd.payu.com\/pay\/?orderId=QM24LCLWXV250326GUEST000P01&token=eyJhbGciOiJIUzI1NiJ9.eyJvcmRlcklkIjoiUU0yNExDTFdYVjI1MDMyNkdVRVNUMDAwUDAxIiwicG9zSWQiOiJlWjJEQVZhWiIsImF1dGhvcml0aWVzIjpbIlJPTEVfQ0xJRU5UIl0sInBheWVyRW1haWwiOiJ0ZXN0QGV4YW1wbGUuY29tIiwiZXhwIjoxNzQzMDY5MTczLCJpc3MiOiJQQVlVIiwiYXVkIjoiYXBpLWdhdGV3YXkiLCJzdWIiOiJQYXlVIHN1YmplY3QiLCJqdGkiOiJkODE1NWJjOS1lZWFhLTRkNjktOGYxMS0zMWQwYWQxZjIxZjAifQ.uHeyPm1JYNDvt7qNDKY90Dk7JMxOcIH6XduhIU11c0Y",
    "orderId": "QM24LCLWXV250326GUEST000P01"
}
JSON output: {"status":"success","redirect":"https:\/\/merch-prod.snd.payu.com\/pay\/?orderId=QM24LCLWXV250326GUEST000P01&token=eyJhbGciOiJIUzI1NiJ9.eyJvcmRlcklkIjoiUU0yNExDTFdYVjI1MDMyNkdVRVNUMDAwUDAxIiwicG9zSWQiOiJlWjJEQVZhWiIsImF1dGhvcml0aWVzIjpbIlJPTEVfQ0xJRU5UIl0sInBheWVyRW1haWwiOiJ0ZXN0QGV4YW1wbGUuY29tIiwiZXhwIjoxNzQzMDY5MTczLCJpc3MiOiJQQVlVIiwiYXVkIjoiYXBpLWdhdGV3YXkiLCJzdWIiOiJQYXlVIHN1YmplY3QiLCJqdGkiOiJkODE1NWJjOS1lZWFhLTRkNjktOGYxMS0zMWQwYWQxZjIxZjAifQ.uHeyPm1JYNDvt7qNDKY90Dk7JMxOcIH6XduhIU11c0Y"}

create_order.php działa

[Input] {"name":"Test","amount":10000,"email":"test@example.com"}

[Konfiguracja] client_id=489668, client_secret=aa784e03ff3047c47b2f4b0236683620, pos_id=489668

create_order.php getAccessToken(489668, aa784e03ff3047c47b2f4b0236683620, https://secure.snd.payu.com)
[PayU Token Raw] {"access_token":"8877f67c-6833-4a16-993b-6b2a33dd473d","token_type":"bearer","expires_in":43199,"grant_type":"client_credentials"}

create_order.php access_token=8877f67c-6833-4a16-993b-6b2a33dd473d
create_order.php order_response={
    "status": {
        "statusCode": "SUCCESS"
    },
    "redirectUri": "https:\/\/merch-prod.snd.payu.com\/pay\/?orderId=1DKZR7RQG2250326GUEST000P01&token=eyJhbGciOiJIUzI1NiJ9.eyJvcmRlcklkIjoiMURLWlI3UlFHMjI1MDMyNkdVRVNUMDAwUDAxIiwicG9zSWQiOiJlWjJEQVZhWiIsImF1dGhvcml0aWVzIjpbIlJPTEVfQ0xJRU5UIl0sInBheWVyRW1haWwiOiJ0ZXN0QGV4YW1wbGUuY29tIiwiZXhwIjoxNzQzMDY5MzY5LCJpc3MiOiJQQVlVIiwiYXVkIjoiYXBpLWdhdGV3YXkiLCJzdWIiOiJQYXlVIHN1YmplY3QiLCJqdGkiOiI5OGYwNzM0My01NjQ5LTRhZTYtODAzZC05NjE4MmY5MWI0ZmYifQ.8FPq2FAF0e4ps85l9scd_SSHnsuaYooCvXwYGhF7Z94",
    "orderId": "1DKZR7RQG2250326GUEST000P01"
}
JSON output: {"status":"success","redirect":"https:\/\/merch-prod.snd.payu.com\/pay\/?orderId=1DKZR7RQG2250326GUEST000P01&token=eyJhbGciOiJIUzI1NiJ9.eyJvcmRlcklkIjoiMURLWlI3UlFHMjI1MDMyNkdVRVNUMDAwUDAxIiwicG9zSWQiOiJlWjJEQVZhWiIsImF1dGhvcml0aWVzIjpbIlJPTEVfQ0xJRU5UIl0sInBheWVyRW1haWwiOiJ0ZXN0QGV4YW1wbGUuY29tIiwiZXhwIjoxNzQzMDY5MzY5LCJpc3MiOiJQQVlVIiwiYXVkIjoiYXBpLWdhdGV3YXkiLCJzdWIiOiJQYXlVIHN1YmplY3QiLCJqdGkiOiI5OGYwNzM0My01NjQ5LTRhZTYtODAzZC05NjE4MmY5MWI0ZmYifQ.8FPq2FAF0e4ps85l9scd_SSHnsuaYooCvXwYGhF7Z94"}
index.php działa

create_order.php działa

[Input] {"name":"W","amount":"10000","email":"t@marzec.eu"}

[Konfiguracja] client_id=489668, client_secret=aa784e03ff3047c47b2f4b0236683620, pos_id=489668

create_order.php getAccessToken(489668, aa784e03ff3047c47b2f4b0236683620, https://secure.snd.payu.com)
[PayU Token Raw] {"access_token":"4bf2ab79-5f28-4e44-814f-4b3ce2c3695f","token_type":"bearer","expires_in":43199,"grant_type":"client_credentials"}

create_order.php access_token=4bf2ab79-5f28-4e44-814f-4b3ce2c3695f
create_order.php order_response={
    "status": {
        "statusCode": "SUCCESS"
    },
    "redirectUri": "https:\/\/merch-prod.snd.payu.com\/pay\/?orderId=5KS278R2GL250326GUEST000P01&token=eyJhbGciOiJIUzI1NiJ9.eyJvcmRlcklkIjoiNUtTMjc4UjJHTDI1MDMyNkdVRVNUMDAwUDAxIiwicG9zSWQiOiJlWjJEQVZhWiIsImF1dGhvcml0aWVzIjpbIlJPTEVfQ0xJRU5UIl0sInBheWVyRW1haWwiOiJ0QG1hcnplYy5ldSIsImV4cCI6MTc0MzA2OTQ0NCwiaXNzIjoiUEFZVSIsImF1ZCI6ImFwaS1nYXRld2F5Iiwic3ViIjoiUGF5VSBzdWJqZWN0IiwianRpIjoiNTIxMmYzZTQtYTIwNS00NGQyLWJlMGYtNTA0MjNhNTA3NmMzIn0.C-DE3N2DDbyyrAobYK1zMcHviyS-2YewSyMhPWUq9mM",
    "orderId": "5KS278R2GL250326GUEST000P01"
}
JSON output: {"status":"success","redirect":"https:\/\/merch-prod.snd.payu.com\/pay\/?orderId=5KS278R2GL250326GUEST000P01&token=eyJhbGciOiJIUzI1NiJ9.eyJvcmRlcklkIjoiNUtTMjc4UjJHTDI1MDMyNkdVRVNUMDAwUDAxIiwicG9zSWQiOiJlWjJEQVZhWiIsImF1dGhvcml0aWVzIjpbIlJPTEVfQ0xJRU5UIl0sInBheWVyRW1haWwiOiJ0QG1hcnplYy5ldSIsImV4cCI6MTc0MzA2OTQ0NCwiaXNzIjoiUEFZVSIsImF1ZCI6ImFwaS1nYXRld2F5Iiwic3ViIjoiUGF5VSBzdWJqZWN0IiwianRpIjoiNTIxMmYzZTQtYTIwNS00NGQyLWJlMGYtNTA0MjNhNTA3NmMzIn0.C-DE3N2DDbyyrAobYK1zMcHviyS-2YewSyMhPWUq9mM"}
index.php działa

create_order.php działa

[Input] {"name":"W","amount":"10000","email":"t@marzec.eu"}

[Konfiguracja] client_id=489668, client_secret=aa784e03ff3047c47b2f4b0236683620, pos_id=489668

create_order.php getAccessToken(489668, aa784e03ff3047c47b2f4b0236683620, https://secure.snd.payu.com)
[PayU Token Raw] {"access_token":"5b528a8b-d8df-40aa-bf82-942db664370f","token_type":"bearer","expires_in":43199,"grant_type":"client_credentials"}

create_order.php access_token=5b528a8b-d8df-40aa-bf82-942db664370f
create_order.php order_response={
    "status": {
        "statusCode": "SUCCESS"
    },
    "redirectUri": "https:\/\/merch-prod.snd.payu.com\/pay\/?orderId=X23C44RJ37250326GUEST000P01&token=eyJhbGciOiJIUzI1NiJ9.eyJvcmRlcklkIjoiWDIzQzQ0UkozNzI1MDMyNkdVRVNUMDAwUDAxIiwicG9zSWQiOiJlWjJEQVZhWiIsImF1dGhvcml0aWVzIjpbIlJPTEVfQ0xJRU5UIl0sInBheWVyRW1haWwiOiJ0QG1hcnplYy5ldSIsImV4cCI6MTc0MzA2OTUzOSwiaXNzIjoiUEFZVSIsImF1ZCI6ImFwaS1nYXRld2F5Iiwic3ViIjoiUGF5VSBzdWJqZWN0IiwianRpIjoiOThiNGIyMmYtZDU5ZS00YjU1LWFiM2UtNGQ2ZWU3ZDk0OWI4In0.Uf42nv66xfbh5J8CQDtBzquvJdTT1OA4DFbdJBGAZUU",
    "orderId": "X23C44RJ37250326GUEST000P01"
}
JSON output: {"status":"success","redirect":"https:\/\/merch-prod.snd.payu.com\/pay\/?orderId=X23C44RJ37250326GUEST000P01&token=eyJhbGciOiJIUzI1NiJ9.eyJvcmRlcklkIjoiWDIzQzQ0UkozNzI1MDMyNkdVRVNUMDAwUDAxIiwicG9zSWQiOiJlWjJEQVZhWiIsImF1dGhvcml0aWVzIjpbIlJPTEVfQ0xJRU5UIl0sInBheWVyRW1haWwiOiJ0QG1hcnplYy5ldSIsImV4cCI6MTc0MzA2OTUzOSwiaXNzIjoiUEFZVSIsImF1ZCI6ImFwaS1nYXRld2F5Iiwic3ViIjoiUGF5VSBzdWJqZWN0IiwianRpIjoiOThiNGIyMmYtZDU5ZS00YjU1LWFiM2UtNGQ2ZWU3ZDk0OWI4In0.Uf42nv66xfbh5J8CQDtBzquvJdTT1OA4DFbdJBGAZUU"}
index.php działa

create_order.php działa

[Input] {"name":"W","amount":"10000","email":"t@marzec.eu"}

[Konfiguracja] client_id=489668, client_secret=aa784e03ff3047c47b2f4b0236683620, pos_id=489668

create_order.php getAccessToken(489668, aa784e03ff3047c47b2f4b0236683620, https://secure.snd.payu.com)
[PayU Token Raw] {"access_token":"e28e2676-f6ef-49d8-8bf1-bec8b6f5a7ab","token_type":"bearer","expires_in":43199,"grant_type":"client_credentials"}

create_order.php access_token=e28e2676-f6ef-49d8-8bf1-bec8b6f5a7ab
create_order.php order_response={
    "status": {
        "statusCode": "SUCCESS"
    },
    "redirectUri": "https:\/\/merch-prod.snd.payu.com\/pay\/?orderId=LRXG8SK774250326GUEST000P01&token=eyJhbGciOiJIUzI1NiJ9.eyJvcmRlcklkIjoiTFJYRzhTSzc3NDI1MDMyNkdVRVNUMDAwUDAxIiwicG9zSWQiOiJlWjJEQVZhWiIsImF1dGhvcml0aWVzIjpbIlJPTEVfQ0xJRU5UIl0sInBheWVyRW1haWwiOiJ0QG1hcnplYy5ldSIsImV4cCI6MTc0MzA2OTYxMCwiaXNzIjoiUEFZVSIsImF1ZCI6ImFwaS1nYXRld2F5Iiwic3ViIjoiUGF5VSBzdWJqZWN0IiwianRpIjoiZmU2ODRlY2EtMDQzYy00ODFjLTk1NTUtMmFjZWU5NWE4NDA2In0.4y7x05B6u7F0taMlD4VhtNXCNA6QAS6b9cbUNO8q9EI",
    "orderId": "LRXG8SK774250326GUEST000P01"
}
JSON output: {"status":"success","redirect":"https:\/\/merch-prod.snd.payu.com\/pay\/?orderId=LRXG8SK774250326GUEST000P01&token=eyJhbGciOiJIUzI1NiJ9.eyJvcmRlcklkIjoiTFJYRzhTSzc3NDI1MDMyNkdVRVNUMDAwUDAxIiwicG9zSWQiOiJlWjJEQVZhWiIsImF1dGhvcml0aWVzIjpbIlJPTEVfQ0xJRU5UIl0sInBheWVyRW1haWwiOiJ0QG1hcnplYy5ldSIsImV4cCI6MTc0MzA2OTYxMCwiaXNzIjoiUEFZVSIsImF1ZCI6ImFwaS1nYXRld2F5Iiwic3ViIjoiUGF5VSBzdWJqZWN0IiwianRpIjoiZmU2ODRlY2EtMDQzYy00ODFjLTk1NTUtMmFjZWU5NWE4NDA2In0.4y7x05B6u7F0taMlD4VhtNXCNA6QAS6b9cbUNO8q9EI"}
index.php działa

create_order.php działa

[Input] {"name":"W","amount":"10000","email":"t@marzec.eu"}

[Konfiguracja] client_id=489668, client_secret=aa784e03ff3047c47b2f4b0236683620, pos_id=489668

create_order.php getAccessToken(489668, aa784e03ff3047c47b2f4b0236683620, https://secure.snd.payu.com)
[PayU Token Raw] {"access_token":"809fa748-e9de-4026-ac73-b3bc2742cacf","token_type":"bearer","expires_in":43199,"grant_type":"client_credentials"}

create_order.php access_token=809fa748-e9de-4026-ac73-b3bc2742cacf
create_order.php order_response={
    "status": {
        "statusCode": "SUCCESS"
    },
    "redirectUri": "https:\/\/merch-prod.snd.payu.com\/pay\/?orderId=RF88XJQKLM250326GUEST000P01&token=eyJhbGciOiJIUzI1NiJ9.eyJvcmRlcklkIjoiUkY4OFhKUUtMTTI1MDMyNkdVRVNUMDAwUDAxIiwicG9zSWQiOiJlWjJEQVZhWiIsImF1dGhvcml0aWVzIjpbIlJPTEVfQ0xJRU5UIl0sInBheWVyRW1haWwiOiJ0QG1hcnplYy5ldSIsImV4cCI6MTc0MzA2OTg0OCwiaXNzIjoiUEFZVSIsImF1ZCI6ImFwaS1nYXRld2F5Iiwic3ViIjoiUGF5VSBzdWJqZWN0IiwianRpIjoiZDhjNmJjZTEtNDk1OS00YmE4LTlhZTUtYzA0YjBjMGEzZjhmIn0.iQcugU4lz9yf3l9vjm-wyozMzfQZNPSmTkWp-K31mAg",
    "orderId": "RF88XJQKLM250326GUEST000P01"
}
JSON output: {"status":"success","redirect":"https:\/\/merch-prod.snd.payu.com\/pay\/?orderId=RF88XJQKLM250326GUEST000P01&token=eyJhbGciOiJIUzI1NiJ9.eyJvcmRlcklkIjoiUkY4OFhKUUtMTTI1MDMyNkdVRVNUMDAwUDAxIiwicG9zSWQiOiJlWjJEQVZhWiIsImF1dGhvcml0aWVzIjpbIlJPTEVfQ0xJRU5UIl0sInBheWVyRW1haWwiOiJ0QG1hcnplYy5ldSIsImV4cCI6MTc0MzA2OTg0OCwiaXNzIjoiUEFZVSIsImF1ZCI6ImFwaS1nYXRld2F5Iiwic3ViIjoiUGF5VSBzdWJqZWN0IiwianRpIjoiZDhjNmJjZTEtNDk1OS00YmE4LTlhZTUtYzA0YjBjMGEzZjhmIn0.iQcugU4lz9yf3l9vjm-wyozMzfQZNPSmTkWp-K31mAg"}
index.php działa
index.php działa
index.php działa

create_order.php działa

[Input] {"name":"W","amount":"10000","email":"t@marzec.eu"}

[Konfiguracja] client_id=489668, client_secret=aa784e03ff3047c47b2f4b0236683620, pos_id=489668

create_order.php getAccessToken(489668, aa784e03ff3047c47b2f4b0236683620, https://secure.snd.payu.com)
[PayU Token Raw] {"access_token":"e80a4129-90f0-4aa0-be5b-b76d09535f42","token_type":"bearer","expires_in":43199,"grant_type":"client_credentials"}

create_order.php access_token=e80a4129-90f0-4aa0-be5b-b76d09535f42
create_order.php order_response={
    "status": {
        "statusCode": "SUCCESS"
    },
    "redirectUri": "https:\/\/merch-prod.snd.payu.com\/pay\/?orderId=S8HT28R1DN250326GUEST000P01&token=eyJhbGciOiJIUzI1NiJ9.eyJvcmRlcklkIjoiUzhIVDI4UjFETjI1MDMyNkdVRVNUMDAwUDAxIiwicG9zSWQiOiJlWjJEQVZhWiIsImF1dGhvcml0aWVzIjpbIlJPTEVfQ0xJRU5UIl0sInBheWVyRW1haWwiOiJ0QG1hcnplYy5ldSIsImV4cCI6MTc0MzA2OTk1MywiaXNzIjoiUEFZVSIsImF1ZCI6ImFwaS1nYXRld2F5Iiwic3ViIjoiUGF5VSBzdWJqZWN0IiwianRpIjoiNmZkNzRhYzEtNzEzZS00MGQ3LWEwNzYtMzQwZjNmMmQwNDRkIn0.J4LAZ0-FAUCi-tRThP2fApQy89_juMEU0GXt5cBTILk",
    "orderId": "S8HT28R1DN250326GUEST000P01"
}
JSON output: {"status":"success","redirect":"https:\/\/merch-prod.snd.payu.com\/pay\/?orderId=S8HT28R1DN250326GUEST000P01&token=eyJhbGciOiJIUzI1NiJ9.eyJvcmRlcklkIjoiUzhIVDI4UjFETjI1MDMyNkdVRVNUMDAwUDAxIiwicG9zSWQiOiJlWjJEQVZhWiIsImF1dGhvcml0aWVzIjpbIlJPTEVfQ0xJRU5UIl0sInBheWVyRW1haWwiOiJ0QG1hcnplYy5ldSIsImV4cCI6MTc0MzA2OTk1MywiaXNzIjoiUEFZVSIsImF1ZCI6ImFwaS1nYXRld2F5Iiwic3ViIjoiUGF5VSBzdWJqZWN0IiwianRpIjoiNmZkNzRhYzEtNzEzZS00MGQ3LWEwNzYtMzQwZjNmMmQwNDRkIn0.J4LAZ0-FAUCi-tRThP2fApQy89_juMEU0GXt5cBTILk"}
